make all --print-data-base --no-builtin-variables --no-builtin-rules --question
# GNU Make 3.81
# Copyright (C) 2006  Free Software Foundation, Inc.
# This is free software; see the source for copying conditions.
# There is NO warranty; not even for MERCHANTABILITY or FITNESS FOR A
# PARTICULAR PURPOSE.

# This program built for i386-apple-darwin11.3.0

# Make data base, printed on Fri Mar 18 02:35:30 2022

# Variables

# automatic
<D = $(patsubst %/,%,$(dir $<))
# automatic
?F = $(notdir $?)
# environment
VSCODE_LOG_NATIVE = false
# automatic
?D = $(patsubst %/,%,$(dir $?))
# automatic
@D = $(patsubst %/,%,$(dir $@))
# automatic
@F = $(notdir $@)
# makefile
CURDIR := /Users/osallak/Desktop/push_swap
# makefile
SHELL = /bin/sh
# makefile (from `Makefile', line 71)
RM = rm -rf
# environment
VSCODE_NLS_CONFIG = {"locale":"en-us","availableLanguages":{},"_languagePackSupport":true}
# environment
_ = /usr/bin/make
# makefile (from `Makefile', line 75)
CFLAGS = -Wall -Wextra -Werror
# makefile (from `Makefile', line 1)
MAKEFILE_LIST :=  Makefile
# makefile (from `Makefile', line 4)
SRCS = push_swap.c srcs/ft_strjoin.c srcs/ft_strlen.c srcs/ft_allocate.c srcs/ft_isdigit.c srcs/ft_strdup.c srcs/ft_atoi.c srcs/ft_strcmp.c srcs/is_sorted.c srcs/display_moves.c srcs/ft_free.c srcs/free_node.c srcs/parser.c parsing/ft_print_error.c parsing/args_join.c parsing/check_input.c parsing/ft_split.c parsing/ft_substr.c parsing/convert_input.c parsing/check_double.c lst_srcs/add_back.c lst_srcs/add_front.c lst_srcs/add_new.c lst_srcs/lstsize.c lst_srcs/init_list.c lst_srcs/lst_last.c lst_srcs/get_indexes.c moves/rotate.c moves/swap.c moves/push.c moves/reverse_rotate.c sorting/sort_five.c sorting/inverse_sort.c sorting/sort.c sorting/push_up_rotated.c sorting/optimize.c sorting/opt_utils.c sorting/opt_ss_rr.c
# makefile (from `Makefile', line 43)
BSRCS = bonus/checker.c bonus/moves_bonus.c bonus/checker_utils.c srcs/ft_strjoin.c srcs/ft_strlen.c srcs/parser.c srcs/free_node.c srcs/ft_allocate.c srcs/ft_isdigit.c srcs/ft_strdup.c srcs/ft_atoi.c srcs/ft_strcmp.c srcs/is_sorted.c srcs/ft_free.c parsing/ft_print_error.c parsing/args_join.c parsing/check_input.c parsing/ft_split.c parsing/ft_substr.c parsing/convert_input.c parsing/check_double.c lst_srcs/add_back.c lst_srcs/add_front.c lst_srcs/add_new.c lst_srcs/lstsize.c lst_srcs/init_list.c lst_srcs/lst_last.c 
# environment
VSCODE_VERBOSE_LOGGING = true
# makefile (from `Makefile', line 73)
OBJS = $(SRCS:%.c=%.o)
# environment
VSCODE_IPC_HOOK_EXTHOST = /var/folders/zz/zyxvpxvq6csfxvn_n000cd14003389/T/vscode-ipc-f6ba442e-d150-4e2a-bf76-00c7868c2853.sock
# environment
VSCODE_CWD = /
# environment
Apple_PubSub_Socket_Render = /private/tmp/com.apple.launchd.SjFLfpHoAY/Render
# environment
PATH = /Users/osallak/goinfre/.brew/bin:/Users/osallak/.brew/bin:/usr/local/bin:/usr/bin:/bin:/usr/sbin:/sbin:/usr/local/munki
# environment
LSCOLORS = Gxfxcxdxbxegedabagacad
# makefile (from `Makefile', line 74)
B_OBJS = $(BSRCS:%.c=%.o)
# environment
VSCODE_LOG_STACK = false
# environment
ELECTRON_RUN_AS_NODE = 1
# default
.FEATURES := target-specific order-only second-expansion else-if archives jobserver check-symlink
# environment
SSH_AUTH_SOCK = /private/tmp/com.apple.launchd.GDsQOeCbvj/Listeners
# automatic
%F = $(notdir $%)
# environment
HOMEBREW_TEMP = /tmp/osallak/Homebrew/Temp
# environment
VSCODE_PIPE_LOGGING = true
# environment
PWD = /Users/osallak/Desktop/push_swap
# environment
ORIGINAL_XDG_CURRENT_DESKTOP = undefined
# environment
VSCODE_AMD_ENTRYPOINT = vs/workbench/services/extensions/node/extensionHostProcess
# environment
HOME = /Users/osallak
# default
MAKEFILEPATH = $(shell /usr/bin/xcode-select -print-path 2>/dev/null || echo /Developer)/Makefiles
# environment
VSCODE_CODE_CACHE_PATH = /Users/osallak/Library/Application Support/Code/CachedData/ccbaa2d27e38e5afa3e5c21c1c7bef4657064247
# environment
LOGNAME = osallak
# environment
APPLICATION_INSIGHTS_NO_DIAGNOSTIC_CHANNEL = true
# environment
ZSH = /Users/osallak/.oh-my-zsh
# environment
VSCODE_HANDLES_UNCAUGHT_ERRORS = true
# automatic
^D = $(patsubst %/,%,$(dir $^))
# environment
XPC_FLAGS = 0x0
# default
MAKE = $(MAKE_COMMAND)
# default
MAKECMDGOALS := all
# environment
HOMEBREW_CACHE = /tmp/osallak/Homebrew/Caches
# environment
SHLVL = 1
# makefile (from `Makefile', line 72)
CC = cc
# default
MAKE_VERSION := 3.81
# environment
USER = osallak
# makefile
.DEFAULT_GOAL := all
# makefile (from `Makefile', line 1)
NAME = push_swap
# environment
LESS = -R
# automatic
%D = $(patsubst %/,%,$(dir $%))
# default
MAKE_COMMAND := /Library/Developer/CommandLineTools/usr/bin/make
# makefile (from `Makefile', line 3)
INC = include
# default
.VARIABLES := 
# environment
TMPDIR = /var/folders/zz/zyxvpxvq6csfxvn_n000cd14003389/T/
# automatic
*F = $(notdir $*)
# environment
VSCODE_IPC_HOOK = /Users/osallak/Library/Application Support/Code/1.62.3-main.sock
# makefile
MAKEFLAGS = Rrqp
# environment
MFLAGS = -Rrqp
# automatic
*D = $(patsubst %/,%,$(dir $*))
# environment
XPC_SERVICE_NAME = com.apple.xpc.launchd.oneshot.0x10000001.Electron
# automatic
+D = $(patsubst %/,%,$(dir $+))
# automatic
+F = $(notdir $+)
# environment
__CF_USER_TEXT_ENCODING = 0x18D09:0x0:0x0
# environment
COMMAND_MODE = unix2003
# default
MAKEFILES := 
# environment
HOMEBREW_NO_AUTO_UPDATE = 1
# automatic
<F = $(notdir $<)
# environment
PAGER = less
# environment
LC_ALL = C
# environment
SECURITYSESSIONID = 186a8
# automatic
^F = $(notdir $^)
# default
SUFFIXES := 
# default
.INCLUDE_DIRS = /usr/local/include
# environment
MAKELEVEL := 0
# environment
LANG = C
# environment
VSCODE_PID = 3474
# makefile (from `Makefile', line 2)
NAME_B = checker_bonus
# variable set hash-table stats:
# Load=80/1024=8%, Rehash=0, Collisions=9/119=8%

# Pattern-specific Variable Values

# No pattern-specific variable values.

# Directories

# moves (device 16777227, inode 3801161): 9 files, no impossibilities so far.
# include (device 16777227, inode 3492756): 3 files, no impossibilities so far.
# . (device 16777227, inode 3944531): 15 files, no impossibilities.
# sorting (device 16777227, inode 3801367): 13 files, no impossibilities so far.
# parsing (device 16777227, inode 3515339): 15 files, no impossibilities so far.
# lst_srcs (device 16777227, inode 3796200): 15 files, no impossibilities so far.
# srcs (device 16777227, inode 3492802): 25 files, no impossibilities so far.

# 95 files, no impossibilities in 7 directories.

# Implicit Rules

%.o: %.c include/push_swap.h
#  commands to execute (from `Makefile', line 87):
	$(CC) $(CFLAGS) -c $< -I $(INC) -o $@
	

# 1 implicit rules, 0 (0.0%) terminal.

# Files

# Not a target:
sorting/sort.c:
#  Implicit rule search has been done.
#  Last modified 2022-03-15 11:35:44
#  File has been updated.
#  Successfully updated.
# variable set hash-table stats:
# Load=0/32=0%, Rehash=0, Collisions=0/0=0%

lst_srcs/lst_last.o: lst_srcs/lst_last.c include/push_swap.h
#  Implicit rule search has been done.
#  Implicit/static pattern stem: `lst_srcs/lst_last'
#  Last modified 2022-03-18 02:35:29
#  File has been updated.
#  Successfully updated.
# variable set hash-table stats:
# Load=0/32=0%, Rehash=0, Collisions=0/0=0%
#  commands to execute (from `Makefile', line 87):
	$(CC) $(CFLAGS) -c $< -I $(INC) -o $@
	

srcs/display_moves.o: srcs/display_moves.c include/push_swap.h
#  Implicit rule search has been done.
#  Implicit/static pattern stem: `srcs/display_moves'
#  Last modified 2022-03-18 02:35:28
#  File has been updated.
#  Successfully updated.
# variable set hash-table stats:
# Load=0/32=0%, Rehash=0, Collisions=0/0=0%
#  commands to execute (from `Makefile', line 87):
	$(CC) $(CFLAGS) -c $< -I $(INC) -o $@
	

# Not a target:
sorting/optimize.c:
#  Implicit rule search has been done.
#  Last modified 2022-03-16 15:58:04
#  File has been updated.
#  Successfully updated.
# variable set hash-table stats:
# Load=0/32=0%, Rehash=0, Collisions=0/0=0%

# Not a target:
srcs/is_sorted.c:
#  Implicit rule search has been done.
#  Last modified 2022-03-16 16:47:20
#  File has been updated.
#  Successfully updated.
# variable set hash-table stats:
# Load=0/32=0%, Rehash=0, Collisions=0/0=0%

# Not a target:
push_swap.c:
#  Implicit rule search has been done.
 
#  Last modified 2022-03-17 22:30:02
#  File has been updated.
#  Successfully updated.
# variable set hash-table stats:
# Load=0/32=0%, Rehash=0, Collisions=0/0=0%

# Not a target:
moves/push.c:
#  Implicit rule search has been done.
#  Last modified 2022-03-17 16:54:26
#  File has been updated.
#  Successfully updated.
# variable set hash-table stats:
# Load=0/32=0%, Rehash=0, Collisions=0/0=0%

# Not a target:
srcs/ft_strcmp.c:
#  Implicit rule search has been done.
#  Last modified 2022-03-15 14:55:22
#  File has been updated.
#  Successfully updated.
# variable set hash-table stats:
# Load=0/32=0%, Rehash=0, Collisions=0/0=0%

# Not a target:
srcs/parser.c:
#  Implicit rule search has been done.
#  Last modified 2022-03-17 22:30:24
#  File has been updated.
#  Successfully updated.
# variable set hash-table stats:
# Load=0/32=0%, Rehash=0, Collisions=0/0=0%

lst_srcs/add_back.o: lst_srcs/add_back.c include/push_swap.h
#  Implicit rule search has been done.
#  Implicit/static pattern stem: `lst_srcs/add_back'
#  Last modified 2022-03-18 02:35:29
#  File has been updated.
#  Successfully updated.
# variable set hash-table stats:
# Load=0/32=0%, Rehash=0, Collisions=0/0=0%
#  commands to execute (from `Makefile', line 87):
	$(CC) $(CFLAGS) -c $< -I $(INC) -o $@
	

all: push_swap
#  Command-line target.
#  Implicit rule search has been done.
#  File does not exist.
#  File has been updated.
#  Needs to be updated (-q is set).
# variable set hash-table stats:
# Load=0/32=0%, Rehash=0, Collisions=0/5=0%

# Not a target:
srcs/ft_strdup.c:
#  Implicit rule search has been done.
#  Last modified 2022-03-17 22:53:03
#  File has been updated.
#  Successfully updated.
# variable set hash-table stats:
# Load=0/32=0%, Rehash=0, Collisions=0/0=0%

srcs/ft_strlen.o: srcs/ft_strlen.c include/push_swap.h
#  Implicit rule search has been done.
#  Implicit/static pattern stem: `srcs/ft_strlen'
#  Last modified 2022-03-18 02:35:28
#  File has been updated.
#  Successfully updated.
# variable set hash-table stats:
# Load=0/32=0%, Rehash=0, Collisions=0/0=0%
#  commands to execute (from `Makefile', line 87):
	$(CC) $(CFLAGS) -c $< -I $(INC) -o $@
	

srcs/free_node.o: srcs/free_node.c include/push_swap.h
#  Implicit rule search has been done.
#  Implicit/static pattern stem: `srcs/free_node'
#  Last modified 2022-03-18 02:35:28
#  File has been updated.
#  Successfully updated.
# variable set hash-table stats:
# Load=0/32=0%, Rehash=0, Collisions=0/0=0%
#  commands to execute (from `Makefile', line 87):
	$(CC) $(CFLAGS) -c $< -I $(INC) -o $@
	

srcs/ft_allocate.o: srcs/ft_allocate.c include/push_swap.h
#  Implicit rule search has been done.
#  Implicit/static pattern stem: `srcs/ft_allocate'
#  Last modified 2022-03-18 02:35:28
#  File has been updated.
#  Successfully updated.
# variable set hash-table stats:
# Load=0/32=0%, Rehash=0, Collisions=0/0=0%
#  commands to execute (from `Makefile', line 87):
	$(CC) $(CFLAGS) -c $< -I $(INC) -o $@
	

# Not a target:
srcs/ft_free.c:
#  Implicit rule search has been done.
#  Last modified 2022-03-17 16:32:00
#  File has been updated.
#  Successfully updated.
# variable set hash-table stats:
# Load=0/32=0%, Rehash=0, Collisions=0/0=0%

lst_srcs/init_list.o: lst_srcs/init_list.c include/push_swap.h
#  Implicit rule search has been done.
#  Implicit/static pattern stem: `lst_srcs/init_list'
#  Last modified 2022-03-18 02:35:29
#  File has been updated.
#  Successfully updated.
# variable set hash-table stats:
# Load=0/32=0%, Rehash=0, Collisions=0/0=0%
#  commands to execute (from `Makefile', line 87):
	$(CC) $(CFLAGS) -c $< -I $(INC) -o $@
	

# Not a target:
lst_srcs/add_front.c:
#  Implicit rule search has been done.
#  Last modified 2022-02-28 14:57:38
#  File has been updated.
#  Successfully updated.
# variable set hash-table stats:
# Load=0/32=0%, Rehash=0, Collisions=0/0=0%

# Not a target:
lst_srcs/add_new.c:
#  Implicit rule search has been done.
#  Last modified 2022-03-16 16:47:36
#  File has been updated.
#  Successfully updated.
# variable set hash-table stats:
# Load=0/32=0%, Rehash=0, Collisions=0/0=0%

parsing/ft_substr.o: parsing/ft_substr.c include/push_swap.h
#  Implicit rule search has been done.
#  Implicit/static pattern stem: `parsing/ft_substr'
#  Last modified 2022-03-18 02:35:29
#  File has been updated.
#  Successfully updated.
# variable set hash-table stats:
# Load=0/32=0%, Rehash=0, Collisions=0/0=0%
#  commands to execute (from `Makefile', line 87):
	$(CC) $(CFLAGS) -c $< -I $(INC) -o $@
	

# Not a target:
sorting/sort_five.c:
#  Implicit rule search has been done.
#  Last modified 2022-03-15 11:48:27
#  File has been updated.
#  Successfully updated.
# variable set hash-table stats:
# Load=0/32=0%, Rehash=0, Collisions=0/0=0%

# Not a target:
parsing/ft_print_error.c:
#  Implicit rule search has been done.
#  Last modified 2022-02-22 01:15:25
#  File has been updated.
#  Successfully updated.
# variable set hash-table stats:
# Load=0/32=0%, Rehash=0, Collisions=0/0=0%

# Not a target:
parsing/args_join.c:
#  Implicit rule search has been done.
#  Last modified 2022-03-17 14:31:06
#  File has been updated.
#  Successfully updated.
# variable set hash-table stats:
# Load=0/32=0%, Rehash=0, Collisions=0/0=0%

# Not a target:
parsing/ft_split.c:
#  Implicit rule search has been done.
#  Last modified 2022-02-22 01:15:46
#  File has been updated.
#  Successfully updated.
# variable set hash-table stats:
# Load=0/32=0%, Rehash=0, Collisions=0/0=0%

# Not a target:
parsing/convert_input.c:
#  Implicit rule search has been done.
#  Last modified 2022-03-17 20:25:15
#  File has been updated.
#  Successfully updated.
# variable set hash-table stats:
# Load=0/32=0%, Rehash=0, Collisions=0/0=0%

sorting/optimize.o: sorting/optimize.c include/push_swap.h
#  Implicit rule search has been done.
#  Implicit/static pattern stem: `sorting/optimize'
#  Last modified 2022-03-18 02:35:30
#  File has been updated.
#  Successfully updated.
# variable set hash-table stats:
# Load=0/32=0%, Rehash=0, Collisions=0/0=0%
#  commands to execute (from `Makefile', line 87):
	$(CC) $(CFLAGS) -c $< -I $(INC) -o $@
	

srcs/ft_strjoin.o: srcs/ft_strjoin.c include/push_swap.h
#  Implicit rule search has been done.
#  Implicit/static pattern stem: `srcs/ft_strjoin'
#  Last modified 2022-03-18 02:35:28
#  File has been updated.
#  Successfully updated.
# variable set hash-table stats:
# Load=0/32=0%, Rehash=0, Collisions=0/0=0%
#  commands to execute (from `Makefile', line 87):
	$(CC) $(CFLAGS) -c $< -I $(INC) -o $@
	

# Not a target:
.SUFFIXES:
#  Implicit rule search has not been done.
#  Modification time never checked.
#  File has not been updated.

# Not a target:
parsing/check_double.c:
#  Implicit rule search has been done.
#  Last modified 2022-03-17 14:31:46
#  File has been updated.
#  Successfully updated.
# variable set hash-table stats:
# Load=0/32=0%, Rehash=0, Collisions=0/0=0%

# Not a target:
Makefile:
#  Implicit rule search has been done.
#  Last modified 2022-03-18 01:24:04
#  File has been updated.
#  Successfully updated.
# variable set hash-table stats:
# Load=0/32=0%, Rehash=0, Collisions=0/0=0%

# Not a target:
parsing/check_input.c:
#  Implicit rule search has been done.
#  Last modified 2022-03-16 20:52:26
#  File has been updated.
#  Successfully updated.
# variable set hash-table stats:
# Load=0/32=0%, Rehash=0, Collisions=0/0=0%

# Not a target:
srcs/ft_atoi.c:
#  Implicit rule search has been done.
#  Last modified 2022-03-14 23:12:10
#  File has been updated.
#  Successfully updated.
# variable set hash-table stats:
# Load=0/32=0%, Rehash=0, Collisions=0/0=0%

# Not a target:
sorting/inverse_sort.c:
#  Implicit rule search has been done.
#  Last modified 2022-03-16 16:35:06
#  File has been updated.
#  Successfully updated.
# variable set hash-table stats:
# Load=0/32=0%, Rehash=0, Collisions=0/0=0%

# Not a target:
bonus/checker.o:
#  Implicit rule search has not been done.
#  Modification time never checked.
#  File has not been updated.

# Not a target:
lst_srcs/lst_last.c:
#  Implicit rule search has been done.
#  Last modified 2022-02-28 02:33:23
#  File has been updated.
 
#  Successfully updated.
# variable set hash-table stats:
# Load=0/32=0%, Rehash=0, Collisions=0/0=0%

# Not a target:
srcs/display_moves.c:
#  Implicit rule search has been done.
#  Last modified 2022-03-16 17:19:09
#  File has been updated.
#  Successfully updated.
# variable set hash-table stats:
# Load=0/32=0%, Rehash=0, Collisions=0/0=0%

checker_bonus: bonus/checker.o bonus/moves_bonus.o bonus/checker_utils.o srcs/ft_strjoin.o srcs/ft_strlen.o srcs/parser.o srcs/free_node.o srcs/ft_allocate.o srcs/ft_isdigit.o srcs/ft_strdup.o srcs/ft_atoi.o srcs/ft_strcmp.o srcs/is_sorted.o srcs/ft_free.o parsing/ft_print_error.o parsing/args_join.o parsing/check_input.o parsing/ft_split.o parsing/ft_substr.o parsing/convert_input.o parsing/check_double.o lst_srcs/add_back.o lst_srcs/add_front.o lst_srcs/add_new.o lst_srcs/lstsize.o lst_srcs/init_list.o lst_srcs/lst_last.o
#  Implicit rule search has not been done.
#  Modification time never checked.
#  File has not been updated.
#  commands to execute (from `Makefile', line 85):
	$(CC) $(CFLAGS) $^ -o $@
	

# Not a target:
sorting/opt_ss_rr.o:
#  Implicit rule search has not been done.
#  Modification time never checked.
#  File has not been updated.

lst_srcs/get_indexes.o: lst_srcs/get_indexes.c include/push_swap.h
#  Implicit rule search has been done.
#  Implicit/static pattern stem: `lst_srcs/get_indexes'
#  Last modified 2022-03-18 02:35:29
#  File has been updated.
#  Successfully updated.
# variable set hash-table stats:
# Load=0/32=0%, Rehash=0, Collisions=0/0=0%
#  commands to execute (from `Makefile', line 87):
	$(CC) $(CFLAGS) -c $< -I $(INC) -o $@
	

sorting/push_up_rotated.o: sorting/push_up_rotated.c include/push_swap.h
#  Implicit rule search has been done.
#  Implicit/static pattern stem: `sorting/push_up_rotated'
#  Last modified 2022-03-18 02:35:30
#  File has been updated.
#  Successfully updated.
# variable set hash-table stats:
# Load=0/32=0%, Rehash=0, Collisions=0/0=0%
#  commands to execute (from `Makefile', line 87):
	$(CC) $(CFLAGS) -c $< -I $(INC) -o $@
	

# Not a target:
lst_srcs/add_back.c:
#  Implicit rule search has been done.
#  Last modified 2022-02-23 14:50:23
#  File has been updated.
#  Successfully updated.
# variable set hash-table stats:
# Load=0/32=0%, Rehash=0, Collisions=0/0=0%

# Not a target:
include/push_swap.h:
#  Implicit rule search has been done.
#  Last modified 2022-03-18 01:10:48
#  File has been updated.
#  Successfully updated.
# variable set hash-table stats:
# Load=0/32=0%, Rehash=0, Collisions=0/0=0%

bonus: push_swap checker_bonus
#  Implicit rule search has not been done.
#  Modification time never checked.
#  File has not been updated.

# Not a target:
srcs/ft_strlen.c:
#  Implicit rule search has been done.
#  Last modified 2022-02-27 19:24:48
#  File has been updated.
#  Successfully updated.
# variable set hash-table stats:
# Load=0/32=0%, Rehash=0, Collisions=0/0=0%

fclean: clean
#  Implicit rule search has not been done.
#  Modification time never checked.
#  File has not been updated.
#  commands to execute (from `Makefile', line 91):
	$(RM) $(NAME) $(NAME_B)
	

# Not a target:
srcs/ft_isdigit.c:
#  Implicit rule search has been done.
#  Last modified 2022-02-20 15:59:55
#  File has been updated.
#  Successfully updated.
# variable set hash-table stats:
# Load=0/32=0%, Rehash=0, Collisions=0/0=0%

# Not a target:
srcs/ft_allocate.c:
#  Implicit rule search has been done.
#  Last modified 2022-02-17 19:55:10
#  File has been updated.
#  Successfully updated.
# variable set hash-table stats:
# Load=0/32=0%, Rehash=0, Collisions=0/0=0%

# Not a target:
parsing/ft_substr.c:
#  Implicit rule search has been done.
#  Last modified 2022-02-22 01:15:35
#  File has been updated.
#  Successfully updated.
# variable set hash-table stats:
# Load=0/32=0%, Rehash=0, Collisions=0/0=0%

sorting/opt_utils.o: sorting/opt_utils.c include/push_swap.h
#  Implicit rule search has been done.
#  Implicit/static pattern stem: `sorting/opt_utils'
#  File does not exist.
#  File has been updated.
#  Needs to be updated (-q is set).
# automatic
# @ := sorting/opt_utils.o
# automatic
# % := 
# automatic
# * := sorting/opt_utils
# automatic
# + := sorting/opt_utils.c include/push_swap.h
# automatic
# | := 
# automatic
# < := sorting/opt_utils.c
# automatic
# ^ := sorting/opt_utils.c include/push_swap.h
# automatic
# ? := sorting/opt_utils.c include/push_swap.h
# variable set hash-table stats:
# Load=8/32=25%, Rehash=0, Collisions=1/15=7%
#  commands to execute (from `Makefile', line 87):
	$(CC) $(CFLAGS) -c $< -I $(INC) -o $@
	

# Not a target:
moves/rotate.c:
#  Implicit rule search has been done.
#  Last modified 2022-03-15 11:33:38
#  File has been updated.
#  Successfully updated.
# variable set hash-table stats:
# Load=0/32=0%, Rehash=0, Collisions=0/0=0%

moves/swap.o: moves/swap.c include/push_swap.h
#  Implicit rule search has been done.
#  Implicit/static pattern stem: `moves/swap'
#  Last modified 2022-03-18 02:35:29
#  File has been updated.
#  Successfully updated.
# variable set hash-table stats:
# Load=0/32=0%, Rehash=0, Collisions=0/0=0%
#  commands to execute (from `Makefile', line 87):
	$(CC) $(CFLAGS) -c $< -I $(INC) -o $@
	

# Not a target:
srcs/ft_strjoin.c:
#  Implicit rule search has been done.
#  Last modified 2022-02-17 21:17:12
#  File has been updated.
#  Successfully updated.
# variable set hash-table stats:
# Load=0/32=0%, Rehash=0, Collisions=0/0=0%

# Not a target:
.DEFAULT:
#  Implicit rule search has not been done.
#  Modification time never checked.
#  File has not been updated.

# Not a target:
bonus/moves_bonus.o:
#  Implicit rule search has not been done.
#  Modification time never checked.
#  File has not been updated.

moves/reverse_rotate.o: moves/reverse_rotate.c include/push_swap.h
#  Implicit rule search has been done.
#  Implicit/static pattern stem: `moves/reverse_rotate'
#  Last modified 2022-03-18 02:35:29
#  File has been updated.
#  Successfully updated.
# variable set hash-table stats:
# Load=0/32=0%, Rehash=0, Collisions=0/0=0%
#  commands to execute (from `Makefile', line 87):
	$(CC) $(CFLAGS) -c $< -I $(INC) -o $@
	

sorting/sort.o: sorting/sort.c include/push_swap.h
#  Implicit rule search has been done.
#  Implicit/static pattern stem: `sorting/sort'
#  Last modified 2022-03-18 02:35:30
#  File has been updated.
#  Successfully updated.
# variable set hash-table stats:
# Load=0/32=0%, Rehash=0, Collisions=0/0=0%
#  commands to execute (from `Makefile', line 87):
	$(CC) $(CFLAGS) -c $< -I $(INC) -o $@
	

re: fclean all
#  Implicit rule search has not been done.
#  Modification time never checked.
#  File has not been updated.

clean:
#  Implicit rule search has not been done.
#  Modification time never checked.
#  File has not been updated.
#  commands to execute (from `Makefile', line 89):
	$(RM) $(OBJS) $(B_OBJS)
	

srcs/is_sorted.o: srcs/is_sorted.c include/push_swap.h
#  Implicit rule search has been done.
#  Implicit/static pattern stem: `srcs/is_sorted'
#  Last modified 2022-03-18 02:35:28
#  File has been updated.
#  Successfully updated.
# variable set hash-table stats:
# Load=0/32=0%, Rehash=0, Collisions=0/0=0%
#  commands to execute (from `Makefile', line 87):
	$(CC) $(CFLAGS) -c $< -I $(INC) -o $@
	

# Not a target:
lst_srcs/init_list.c:
#  Implicit rule search has been done.
#  Last modified 2022-03-01 15:29:27
#  File has been updated.
#  Successfully updated.
# variable set hash-table stats:
# Load=0/32=0%, Rehash=0, Collisions=0/0=0%

push_swap.o: push_swap.c include/push_swap.h
#  Implicit rule search has been done.
#  Implicit/static pattern stem: `push_swap'
#  Last modified 2022-03-18 02:35:28
#  File has been updated.
#  Successfully updated.
# variable set hash-table stats:
# Load=0/32=0%, Rehash=0, Collisions=0/0=0%
#  commands to execute (from `Makefile', line 87):
	$(CC) $(CFLAGS) -c $< -I $(INC) -o $@
	

 
push_swap: push_swap.o srcs/ft_strjoin.o srcs/ft_strlen.o srcs/ft_allocate.o srcs/ft_isdigit.o srcs/ft_strdup.o srcs/ft_atoi.o srcs/ft_strcmp.o srcs/is_sorted.o srcs/display_moves.o srcs/ft_free.o srcs/free_node.o srcs/parser.o parsing/ft_print_error.o parsing/args_join.o parsing/check_input.o parsing/ft_split.o parsing/ft_substr.o parsing/convert_input.o parsing/check_double.o lst_srcs/add_back.o lst_srcs/add_front.o lst_srcs/add_new.o lst_srcs/lstsize.o lst_srcs/init_list.o lst_srcs/lst_last.o lst_srcs/get_indexes.o moves/rotate.o moves/swap.o moves/push.o moves/reverse_rotate.o sorting/sort_five.o sorting/inverse_sort.o sorting/sort.o sorting/push_up_rotated.o sorting/optimize.o sorting/opt_utils.o sorting/opt_ss_rr.o
#  Implicit rule search has not been done.
#  File does not exist.
#  File has been updated.
#  Needs to be updated (-q is set).
# variable set hash-table stats:
# Load=0/32=0%, Rehash=0, Collisions=0/5=0%
#  commands to execute (from `Makefile', line 80):
	$(CC) $(CFLAGS) $^ -o $@
	

srcs/ft_isdigit.o: srcs/ft_isdigit.c include/push_swap.h
#  Implicit rule search has been done.
#  Implicit/static pattern stem: `srcs/ft_isdigit'
#  Last modified 2022-03-18 02:35:28
#  File has been updated.
#  Successfully updated.
# variable set hash-table stats:
# Load=0/32=0%, Rehash=0, Collisions=0/0=0%
#  commands to execute (from `Makefile', line 87):
	$(CC) $(CFLAGS) -c $< -I $(INC) -o $@
	

moves/push.o: moves/push.c include/push_swap.h
#  Implicit rule search has been done.
#  Implicit/static pattern stem: `moves/push'
#  Last modified 2022-03-18 02:35:29
#  File has been updated.
#  Successfully updated.
# variable set hash-table stats:
# Load=0/32=0%, Rehash=0, Collisions=0/0=0%
#  commands to execute (from `Makefile', line 87):
	$(CC) $(CFLAGS) -c $< -I $(INC) -o $@
	

lst_srcs/lstsize.o: lst_srcs/lstsize.c include/push_swap.h
#  Implicit rule search has been done.
#  Implicit/static pattern stem: `lst_srcs/lstsize'
#  Last modified 2022-03-18 02:35:29
#  File has been updated.
#  Successfully updated.
# variable set hash-table stats:
# Load=0/32=0%, Rehash=0, Collisions=0/0=0%
#  commands to execute (from `Makefile', line 87):
	$(CC) $(CFLAGS) -c $< -I $(INC) -o $@
	

srcs/ft_strcmp.o: srcs/ft_strcmp.c include/push_swap.h
#  Implicit rule search has been done.
#  Implicit/static pattern stem: `srcs/ft_strcmp'
#  Last modified 2022-03-18 02:35:28
#  File has been updated.
#  Successfully updated.
# variable set hash-table stats:
# Load=0/32=0%, Rehash=0, Collisions=0/0=0%
#  commands to execute (from `Makefile', line 87):
	$(CC) $(CFLAGS) -c $< -I $(INC) -o $@
	

srcs/parser.o: srcs/parser.c include/push_swap.h
#  Implicit rule search has been done.
#  Implicit/static pattern stem: `srcs/parser'
#  Last modified 2022-03-18 02:35:28
#  File has been updated.
#  Successfully updated.
# variable set hash-table stats:
# Load=0/32=0%, Rehash=0, Collisions=0/0=0%
#  commands to execute (from `Makefile', line 87):
	$(CC) $(CFLAGS) -c $< -I $(INC) -o $@
	

# Not a target:
lst_srcs/get_indexes.c:
#  Implicit rule search has been done.
#  Last modified 2022-03-14 20:39:47
#  File has been updated.
#  Successfully updated.
# variable set hash-table stats:
# Load=0/32=0%, Rehash=0, Collisions=0/0=0%

# Not a target:
sorting/push_up_rotated.c:
#  Implicit rule search has been done.
#  Last modified 2022-03-16 13:54:09
#  File has been updated.
#  Successfully updated.
# variable set hash-table stats:
# Load=0/32=0%, Rehash=0, Collisions=0/0=0%

srcs/ft_strdup.o: srcs/ft_strdup.c include/push_swap.h
#  Implicit rule search has been done.
#  Implicit/static pattern stem: `srcs/ft_strdup'
#  Last modified 2022-03-18 02:35:28
#  File has been updated.
#  Successfully updated.
# variable set hash-table stats:
# Load=0/32=0%, Rehash=0, Collisions=0/0=0%
#  commands to execute (from `Makefile', line 87):
	$(CC) $(CFLAGS) -c $< -I $(INC) -o $@
	

parsing/check_double.o: parsing/check_double.c include/push_swap.h
#  Implicit rule search has been done.
#  Implicit/static pattern stem: `parsing/check_double'
#  Last modified 2022-03-18 02:35:29
#  File has been updated.
#  Successfully updated.
# variable set hash-table stats:
# Load=0/32=0%, Rehash=0, Collisions=0/0=0%
#  commands to execute (from `Makefile', line 87):
	$(CC) $(CFLAGS) -c $< -I $(INC) -o $@
	

srcs/ft_free.o: srcs/ft_free.c include/push_swap.h
#  Implicit rule search has been done.
#  Implicit/static pattern stem: `srcs/ft_free'
#  Last modified 2022-03-18 02:35:28
#  File has been updated.
#  Successfully updated.
# variable set hash-table stats:
# Load=0/32=0%, Rehash=0, Collisions=0/0=0%
#  commands to execute (from `Makefile', line 87):
	$(CC) $(CFLAGS) -c $< -I $(INC) -o $@
	

# Not a target:
lst_srcs/lstsize.c:
#  Implicit rule search has been done.
#  Last modified 2022-03-04 10:53:20
#  File has been updated.
#  Successfully updated.
# variable set hash-table stats:
# Load=0/32=0%, Rehash=0, Collisions=0/0=0%

lst_srcs/add_front.o: lst_srcs/add_front.c include/push_swap.h
#  Implicit rule search has been done.
#  Implicit/static pattern stem: `lst_srcs/add_front'
#  Last modified 2022-03-18 02:35:29
#  File has been updated.
#  Successfully updated.
# variable set hash-table stats:
# Load=0/32=0%, Rehash=0, Collisions=0/0=0%
#  commands to execute (from `Makefile', line 87):
	$(CC) $(CFLAGS) -c $< -I $(INC) -o $@
	

lst_srcs/add_new.o: lst_srcs/add_new.c include/push_swap.h
#  Implicit rule search has been done.
#  Implicit/static pattern stem: `lst_srcs/add_new'
#  Last modified 2022-03-18 02:35:29
#  File has been updated.
#  Successfully updated.
# variable set hash-table stats:
# Load=0/32=0%, Rehash=0, Collisions=0/0=0%
#  commands to execute (from `Makefile', line 87):
	$(CC) $(CFLAGS) -c $< -I $(INC) -o $@
	

sorting/sort_five.o: sorting/sort_five.c include/push_swap.h
#  Implicit rule search has been done.
#  Implicit/static pattern stem: `sorting/sort_five'
#  Last modified 2022-03-18 02:35:29
#  File has been updated.
#  Successfully updated.
# variable set hash-table stats:
# Load=0/32=0%, Rehash=0, Collisions=0/0=0%
#  commands to execute (from `Makefile', line 87):
	$(CC) $(CFLAGS) -c $< -I $(INC) -o $@
	

parsing/ft_print_error.o: parsing/ft_print_error.c include/push_swap.h
#  Implicit rule search has been done.
#  Implicit/static pattern stem: `parsing/ft_print_error'
#  Last modified 2022-03-18 02:35:29
#  File has been updated.
#  Successfully updated.
# variable set hash-table stats:
# Load=0/32=0%, Rehash=0, Collisions=0/0=0%
#  commands to execute (from `Makefile', line 87):
	$(CC) $(CFLAGS) -c $< -I $(INC) -o $@
	

parsing/args_join.o: parsing/args_join.c include/push_swap.h
#  Implicit rule search has been done.
#  Implicit/static pattern stem: `parsing/args_join'
#  Last modified 2022-03-18 02:35:29
#  File has been updated.
#  Successfully updated.
# variable set hash-table stats:
# Load=0/32=0%, Rehash=0, Collisions=0/0=0%
#  commands to execute (from `Makefile', line 87):
	$(CC) $(CFLAGS) -c $< -I $(INC) -o $@
	

parsing/ft_split.o: parsing/ft_split.c include/push_swap.h
#  Implicit rule search has been done.
#  Implicit/static pattern stem: `parsing/ft_split'
#  Last modified 2022-03-18 02:35:29
#  File has been updated.
#  Successfully updated.
# variable set hash-table stats:
# Load=0/32=0%, Rehash=0, Collisions=0/0=0%
#  commands to execute (from `Makefile', line 87):
	$(CC) $(CFLAGS) -c $< -I $(INC) -o $@
	

parsing/convert_input.o: parsing/convert_input.c include/push_swap.h
#  Implicit rule search has been done.
#  Implicit/static pattern stem: `parsing/convert_input'
#  Last modified 2022-03-18 02:35:29
#  File has been updated.
#  Successfully updated.
# variable set hash-table stats:
# Load=0/32=0%, Rehash=0, Collisions=0/0=0%
#  commands to execute (from `Makefile', line 87):
	$(CC) $(CFLAGS) -c $< -I $(INC) -o $@
	

# Not a target:
sorting/opt_utils.c:
#  Implicit rule search has been done.
#  Last modified 2022-03-17 22:31:18
#  File has been updated.
#  Successfully updated.
# variable set hash-table stats:
# Load=0/32=0%, Rehash=0, Collisions=0/0=0%

moves/rotate.o: moves/rotate.c include/push_swap.h
 
#  Implicit rule search has been done.
#  Implicit/static pattern stem: `moves/rotate'
#  Last modified 2022-03-18 02:35:29
#  File has been updated.
#  Successfully updated.
# variable set hash-table stats:
# Load=0/32=0%, Rehash=0, Collisions=0/0=0%
#  commands to execute (from `Makefile', line 87):
	$(CC) $(CFLAGS) -c $< -I $(INC) -o $@
	

parsing/check_input.o: parsing/check_input.c include/push_swap.h
#  Implicit rule search has been done.
#  Implicit/static pattern stem: `parsing/check_input'
#  Last modified 2022-03-18 02:35:29
#  File has been updated.
#  Successfully updated.
# variable set hash-table stats:
# Load=0/32=0%, Rehash=0, Collisions=0/0=0%
#  commands to execute (from `Makefile', line 87):
	$(CC) $(CFLAGS) -c $< -I $(INC) -o $@
	

# Not a target:
moves/swap.c:
#  Implicit rule search has been done.
#  Last modified 2022-03-17 16:54:07
#  File has been updated.
#  Successfully updated.
# variable set hash-table stats:
# Load=0/32=0%, Rehash=0, Collisions=0/0=0%

srcs/ft_atoi.o: srcs/ft_atoi.c include/push_swap.h
#  Implicit rule search has been done.
#  Implicit/static pattern stem: `srcs/ft_atoi'
#  Last modified 2022-03-18 02:35:28
#  File has been updated.
#  Successfully updated.
# variable set hash-table stats:
# Load=0/32=0%, Rehash=0, Collisions=0/0=0%
#  commands to execute (from `Makefile', line 87):
	$(CC) $(CFLAGS) -c $< -I $(INC) -o $@
	

# Not a target:
srcs/free_node.c:
#  Implicit rule search has been done.
#  Last modified 2022-03-17 22:31:42
#  File has been updated.
#  Successfully updated.
# variable set hash-table stats:
# Load=0/32=0%, Rehash=0, Collisions=0/0=0%

# Not a target:
moves/reverse_rotate.c:
#  Implicit rule search has been done.
#  Last modified 2022-03-17 16:53:52
#  File has been updated.
#  Successfully updated.
# variable set hash-table stats:
# Load=0/32=0%, Rehash=0, Collisions=0/0=0%

sorting/inverse_sort.o: sorting/inverse_sort.c include/push_swap.h
#  Implicit rule search has been done.
#  Implicit/static pattern stem: `sorting/inverse_sort'
#  Last modified 2022-03-18 02:35:29
#  File has been updated.
#  Successfully updated.
# variable set hash-table stats:
# Load=0/32=0%, Rehash=0, Collisions=0/0=0%
#  commands to execute (from `Makefile', line 87):
	$(CC) $(CFLAGS) -c $< -I $(INC) -o $@
	

# Not a target:
bonus/checker_utils.o:
#  Implicit rule search has not been done.
#  Modification time never checked.
#  File has not been updated.

# files hash-table stats:
# Load=89/1024=9%, Rehash=0, Collisions=26/358=7%
# VPATH Search Paths

# No `vpath' search paths.

# No general (`VPATH' variable) search path.

# # of strings in strcache: 1
# # of strcache buffers: 1
# strcache size: total = 4096 / max = 4096 / min = 4096 / avg = 4096
# strcache free: total = 4087 / max = 4087 / min = 4087 / avg = 4087

# Finished Make data base on Fri Mar 18 02:35:30 2022

 
